<?xml version="1.0" encoding="UTF-8"?>
<!-- Generated by org.testng.reporters.JUnitReportReporter -->
<testsuite hostname="DESKTOP-HNKG4FJ" failures="0" tests="1" name="tests.CreateAccountTest" time="8.324" errors="0" timestamp="2025-01-31T11:08:18 IST" skipped="0">
  <testcase classname="tests.CreateAccountTest" name="createAccount" time="8.324"/>
</testsuite> <!-- tests.CreateAccountTest -->
